<?xml version="1.0" encoding="UTF-8" ?>
<testsuite failures="0" time="2.567" errors="0" skipped="0" tests="9" name="com.tacitknowledge.jcr.mocking.JcrMockServiceTest">
  <properties>
    <property name="java.runtime.name" value="Java(TM) SE Runtime Environment"/>
    <property name="sun.boot.library.path" value="/System/Library/Java/JavaVirtualMachines/1.6.0.jdk/Contents/Libraries"/>
    <property name="java.vm.version" value="20.10-b01-428"/>
    <property name="awt.nativeDoubleBuffering" value="true"/>
    <property name="gopherProxySet" value="false"/>
    <property name="mrj.build" value="11M3811"/>
    <property name="java.vm.vendor" value="Apple Inc."/>
    <property name="java.vendor.url" value="http://www.apple.com/"/>
    <property name="path.separator" value=":"/>
    <property name="java.vm.name" value="Java HotSpot(TM) 64-Bit Server VM"/>
    <property name="file.encoding.pkg" value="sun.io"/>
    <property name="user.country" value="US"/>
    <property name="sun.java.launcher" value="SUN_STANDARD"/>
    <property name="sun.os.patch.level" value="unknown"/>
    <property name="java.vm.specification.name" value="Java Virtual Machine Specification"/>
    <property name="user.dir" value="/Users/dvalencia/workspace/jcr-mock"/>
    <property name="java.runtime.version" value="1.6.0_35-b10-428-11M3811"/>
    <property name="java.awt.graphicsenv" value="apple.awt.CGraphicsEnvironment"/>
    <property name="basedir" value="/Users/dvalencia/workspace/jcr-mock"/>
    <property name="java.endorsed.dirs" value="/System/Library/Java/JavaVirtualMachines/1.6.0.jdk/Contents/Home/lib/endorsed"/>
    <property name="os.arch" value="x86_64"/>
    <property name="surefire.real.class.path" value="/Users/dvalencia/workspace/jcr-mock/target/surefire/surefirebooter7059044589317952225.jar"/>
    <property name="java.io.tmpdir" value="/var/folders/_g/zcg5k_9n08n9k40qjvrzjl8m0000gn/T/"/>
    <property name="line.separator" value="
"/>
    <property name="java.vm.specification.vendor" value="Sun Microsystems Inc."/>
    <property name="os.name" value="Mac OS X"/>
    <property name="sun.jnu.encoding" value="MacRoman"/>
    <property name="java.library.path" value=".:/Library/Java/Extensions:/System/Library/Java/Extensions:/usr/lib/java"/>
    <property name="surefire.test.class.path" value="/Users/dvalencia/workspace/jcr-mock/target/test-classes:/Users/dvalencia/workspace/jcr-mock/target/classes:/Users/dvalencia/.m2/repository/org/apache/jackrabbit/jackrabbit-core/2.5.0/jackrabbit-core-2.5.0.jar:/Users/dvalencia/.m2/repository/concurrent/concurrent/1.3.4/concurrent-1.3.4.jar:/Users/dvalencia/.m2/repository/commons-io/commons-io/2.2/commons-io-2.2.jar:/Users/dvalencia/.m2/repository/commons-dbcp/commons-dbcp/1.3/commons-dbcp-1.3.jar:/Users/dvalencia/.m2/repository/commons-pool/commons-pool/1.5.4/commons-pool-1.5.4.jar:/Users/dvalencia/.m2/repository/org/apache/jackrabbit/jackrabbit-api/2.5.0/jackrabbit-api-2.5.0.jar:/Users/dvalencia/.m2/repository/org/apache/jackrabbit/jackrabbit-jcr-commons/2.5.0/jackrabbit-jcr-commons-2.5.0.jar:/Users/dvalencia/.m2/repository/org/apache/jackrabbit/jackrabbit-spi-commons/2.5.0/jackrabbit-spi-commons-2.5.0.jar:/Users/dvalencia/.m2/repository/org/apache/jackrabbit/jackrabbit-spi/2.5.0/jackrabbit-spi-2.5.0.jar:/Users/dvalencia/.m2/repository/org/apache/tika/tika-core/1.0/tika-core-1.0.jar:/Users/dvalencia/.m2/repository/org/slf4j/slf4j-api/1.6.4/slf4j-api-1.6.4.jar:/Users/dvalencia/.m2/repository/org/apache/lucene/lucene-core/3.0.3/lucene-core-3.0.3.jar:/Users/dvalencia/.m2/repository/org/apache/derby/derby/10.5.3.0_1/derby-10.5.3.0_1.jar:/Users/dvalencia/.m2/repository/org/slf4j/jcl-over-slf4j/1.6.4/jcl-over-slf4j-1.6.4.jar:/Users/dvalencia/.m2/repository/javax/jcr/jcr/2.0/jcr-2.0.jar:/Users/dvalencia/.m2/repository/org/slf4j/slf4j-log4j12/1.6.0/slf4j-log4j12-1.6.0.jar:/Users/dvalencia/.m2/repository/log4j/log4j/1.2.14/log4j-1.2.14.jar:/Users/dvalencia/.m2/repository/org/mockito/mockito-core/1.9.0/mockito-core-1.9.0.jar:/Users/dvalencia/.m2/repository/org/hamcrest/hamcrest-core/1.1/hamcrest-core-1.1.jar:/Users/dvalencia/.m2/repository/org/objenesis/objenesis/1.0/objenesis-1.0.jar:/Users/dvalencia/.m2/repository/org/apache/commons/commons-lang3/3.1/commons-lang3-3.1.jar:/Users/dvalencia/.m2/repository/commons-collections/commons-collections/3.2.1/commons-collections-3.2.1.jar:/Users/dvalencia/.m2/repository/junit/junit/4.10/junit-4.10.jar:/Users/dvalencia/.m2/repository/com/google/code/gson/gson/2.1/gson-2.1.jar:"/>
    <property name="java.specification.name" value="Java Platform API Specification"/>
    <property name="java.class.version" value="50.0"/>
    <property name="sun.management.compiler" value="HotSpot 64-Bit Tiered Compilers"/>
    <property name="os.version" value="10.7.5"/>
    <property name="http.nonProxyHosts" value="local|*.local|169.254/16|*.169.254/16"/>
    <property name="user.home" value="/Users/dvalencia"/>
    <property name="user.timezone" value="America/Los_Angeles"/>
    <property name="java.awt.printerjob" value="apple.awt.CPrinterJob"/>
    <property name="java.specification.version" value="1.6"/>
    <property name="file.encoding" value="MacRoman"/>
    <property name="user.name" value="dvalencia"/>
    <property name="java.class.path" value="/Users/dvalencia/workspace/jcr-mock/target/test-classes:/Users/dvalencia/workspace/jcr-mock/target/classes:/Users/dvalencia/.m2/repository/org/apache/jackrabbit/jackrabbit-core/2.5.0/jackrabbit-core-2.5.0.jar:/Users/dvalencia/.m2/repository/concurrent/concurrent/1.3.4/concurrent-1.3.4.jar:/Users/dvalencia/.m2/repository/commons-io/commons-io/2.2/commons-io-2.2.jar:/Users/dvalencia/.m2/repository/commons-dbcp/commons-dbcp/1.3/commons-dbcp-1.3.jar:/Users/dvalencia/.m2/repository/commons-pool/commons-pool/1.5.4/commons-pool-1.5.4.jar:/Users/dvalencia/.m2/repository/org/apache/jackrabbit/jackrabbit-api/2.5.0/jackrabbit-api-2.5.0.jar:/Users/dvalencia/.m2/repository/org/apache/jackrabbit/jackrabbit-jcr-commons/2.5.0/jackrabbit-jcr-commons-2.5.0.jar:/Users/dvalencia/.m2/repository/org/apache/jackrabbit/jackrabbit-spi-commons/2.5.0/jackrabbit-spi-commons-2.5.0.jar:/Users/dvalencia/.m2/repository/org/apache/jackrabbit/jackrabbit-spi/2.5.0/jackrabbit-spi-2.5.0.jar:/Users/dvalencia/.m2/repository/org/apache/tika/tika-core/1.0/tika-core-1.0.jar:/Users/dvalencia/.m2/repository/org/slf4j/slf4j-api/1.6.4/slf4j-api-1.6.4.jar:/Users/dvalencia/.m2/repository/org/apache/lucene/lucene-core/3.0.3/lucene-core-3.0.3.jar:/Users/dvalencia/.m2/repository/org/apache/derby/derby/10.5.3.0_1/derby-10.5.3.0_1.jar:/Users/dvalencia/.m2/repository/org/slf4j/jcl-over-slf4j/1.6.4/jcl-over-slf4j-1.6.4.jar:/Users/dvalencia/.m2/repository/javax/jcr/jcr/2.0/jcr-2.0.jar:/Users/dvalencia/.m2/repository/org/slf4j/slf4j-log4j12/1.6.0/slf4j-log4j12-1.6.0.jar:/Users/dvalencia/.m2/repository/log4j/log4j/1.2.14/log4j-1.2.14.jar:/Users/dvalencia/.m2/repository/org/mockito/mockito-core/1.9.0/mockito-core-1.9.0.jar:/Users/dvalencia/.m2/repository/org/hamcrest/hamcrest-core/1.1/hamcrest-core-1.1.jar:/Users/dvalencia/.m2/repository/org/objenesis/objenesis/1.0/objenesis-1.0.jar:/Users/dvalencia/.m2/repository/org/apache/commons/commons-lang3/3.1/commons-lang3-3.1.jar:/Users/dvalencia/.m2/repository/commons-collections/commons-collections/3.2.1/commons-collections-3.2.1.jar:/Users/dvalencia/.m2/repository/junit/junit/4.10/junit-4.10.jar:/Users/dvalencia/.m2/repository/com/google/code/gson/gson/2.1/gson-2.1.jar:"/>
    <property name="java.vm.specification.version" value="1.0"/>
    <property name="sun.arch.data.model" value="64"/>
    <property name="java.home" value="/System/Library/Java/JavaVirtualMachines/1.6.0.jdk/Contents/Home"/>
    <property name="sun.java.command" value="/Users/dvalencia/workspace/jcr-mock/target/surefire/surefirebooter7059044589317952225.jar /Users/dvalencia/workspace/jcr-mock/target/surefire/surefire4496105023431705357tmp /Users/dvalencia/workspace/jcr-mock/target/surefire/surefire4766152018855699385tmp"/>
    <property name="java.specification.vendor" value="Sun Microsystems Inc."/>
    <property name="user.language" value="en"/>
    <property name="awt.toolkit" value="apple.awt.CToolkit"/>
    <property name="java.vm.info" value="mixed mode"/>
    <property name="java.version" value="1.6.0_35"/>
    <property name="java.ext.dirs" value="/Library/Java/Extensions:/System/Library/Java/Extensions:/System/Library/Java/JavaVirtualMachines/1.6.0.jdk/Contents/Home/lib/ext"/>
    <property name="sun.boot.class.path" value="/System/Library/Java/JavaVirtualMachines/1.6.0.jdk/Contents/Classes/jsfd.jar:/System/Library/Java/JavaVirtualMachines/1.6.0.jdk/Contents/Classes/classes.jar:/System/Library/Frameworks/JavaVM.framework/Frameworks/JavaRuntimeSupport.framework/Resources/Java/JavaRuntimeSupport.jar:/System/Library/Java/JavaVirtualMachines/1.6.0.jdk/Contents/Classes/ui.jar:/System/Library/Java/JavaVirtualMachines/1.6.0.jdk/Contents/Classes/laf.jar:/System/Library/Java/JavaVirtualMachines/1.6.0.jdk/Contents/Classes/sunrsasign.jar:/System/Library/Java/JavaVirtualMachines/1.6.0.jdk/Contents/Classes/jsse.jar:/System/Library/Java/JavaVirtualMachines/1.6.0.jdk/Contents/Classes/jce.jar:/System/Library/Java/JavaVirtualMachines/1.6.0.jdk/Contents/Classes/charsets.jar"/>
    <property name="java.vendor" value="Apple Inc."/>
    <property name="localRepository" value="/Users/dvalencia/.m2/repository"/>
    <property name="file.separator" value="/"/>
    <property name="java.vendor.url.bug" value="http://bugreport.apple.com/"/>
    <property name="sun.cpu.endian" value="little"/>
    <property name="sun.io.unicode.encoding" value="UnicodeLittle"/>
    <property name="mrj.version" value="1070.1.6.0_35-428"/>
    <property name="socksNonProxyHosts" value="local|*.local|169.254/16|*.169.254/16"/>
    <property name="ftp.nonProxyHosts" value="local|*.local|169.254/16|*.169.254/16"/>
    <property name="sun.cpu.isalist" value=""/>
  </properties>
  <testcase time="1.38" classname="com.tacitknowledge.jcr.mocking.JcrMockServiceTest" name="testJcrNodeServiceWithParentNode"/>
  <testcase time="0.357" classname="com.tacitknowledge.jcr.mocking.JcrMockServiceTest" name="shouldAddItemTypeInformationToNodeStructure"/>
  <testcase time="0.162" classname="com.tacitknowledge.jcr.mocking.JcrMockServiceTest" name="shouldCreateFullJsonStructureFromFile"/>
  <testcase time="0.13" classname="com.tacitknowledge.jcr.mocking.JcrMockServiceTest" name="testDeepHierarchies"/>
  <testcase time="0.135" classname="com.tacitknowledge.jcr.mocking.JcrMockServiceTest" name="shouldReturnWorkingNodeIterator"/>
  <testcase time="0.092" classname="com.tacitknowledge.jcr.mocking.JcrMockServiceTest" name="iteratorShouldWorkWithNodesWithoutChildren"/>
  <testcase time="0.106" classname="com.tacitknowledge.jcr.mocking.JcrMockServiceTest" name="shouldSetBinaryValue"/>
  <testcase time="0.088" classname="com.tacitknowledge.jcr.mocking.JcrMockServiceTest" name="shouldCreateNodeStructureWithoutPassingAParentNode"/>
  <testcase time="0.111" classname="com.tacitknowledge.jcr.mocking.JcrMockServiceTest" name="shouldHandleReferences"/>
</testsuite>